79 121
3440 100
3751 100
4623 100
6447 100
7218 100
1241 99
2696 99
4867 99
5060 97
5478 97
5949 97
8823 97
9319 97
1522 95
5992 95
7055 95
7646 95
8111 95
9327 95
6010 94
8161 94
3710 93
7592 93
7852 93
4856 92
5698 92
8507 92
3525 91
6233 91
7006 91
3507 90
1219 89
3248 89
4363 89
6206 89
6801 89
8456 89
8467 89
1113 88
1921 88
2556 88
4710 88
6230 88
7894 88
2272 87
4015 87
8585 87
9999 87
7168 86
7606 86
7611 86
8217 86
8820 86
9157 86
1402 85
1900 85
3518 85
5092 85
6748 85
7067 85
7268 85
7309 85
7356 85
8264 85
8419 85
8433 85
9556 85
9560 85
1130 84
3201 84
6069 84
6792 84
7461 84
2699 83
3010 83
3087 83
3337 83
3622 83
5856 83
6157 83
6665 83
7615 83
8881 83
9242 83
1076 82
1440 82
1853 82
2379 82
2523 82
3487 82
5985 82
6134 82
9605 82
1299 81
3789 81
6255 81
6449 81
7576 81
7954 81
9599 81
1927 80
2011 80
2199 80
2990 80
4110 80
4732 80
5104 80
7639 80
8084 80
1800 79
2656 79
2784 79
5367 79
6261 79
6310 79
6369 79
6974 79
7863 79
8044 79
8942 79
9688 79
