887
1187
1487
1786
2085
2384
2683
2982
3280
3578
3876
4174
4471
4768
5065
5362
5659
5956
6252
6548
6844
7140
7435
7729
8023
8316
8609
8902
9195
9488
9780
10072
10364
10655
10946
11237
11528
11818
12108
12398
12688
12978
13267
13556
13845
14134
14422
14710
14997
15283
15569
15855
16141
16427
16712
16997
17282
17566
17848
18129
18410
18691
18972
19253
19533
19813
20093
20373
20652
20931
21210
21489
21768
22047
22325
22603
22880
23156
23432
23708
23984
24260
24536
24810
25084
25357
25630
25903
26176
26448
26719
26990
27261
27532
27803
28074
28345
28615
28885
29155
29425
29695
29964
30232
30500
30767
31034
31301
31568
31835
32101
32367
32633
32899
33165
33431
33697
33963
34228
34493
34758
35022
35286
35550
35814
36077
36340
36603
36866
37129
37391
37653
37915
38177
38439
38700
38961
39222
39483
39744
40005
40265
40525
40785
41044
41303
41562
41821
42079
42336
42593
42850
43107
43363
43619
43874
44129
44384
44638
44891
45144
45397
45650
45903
46156
46408
46660
46911
47162
47412
47662
47911
48160
48408
48656
48904
49152
49400
49647
49894
50139
50384
50629
50874
51118
51362
51606
51850
52093
52336
52579
52822
53065
53308
53551
53794
54037
54279
54520
54761
55002
55243
55484
55725
55964
56203
56441
56678
56915
57152
57389
57626
57863
58099
58335
58570
58805
59040
59275
59510
59744
59978
60212
60446
60680
60913
61146
61379
61611
61843
62075
62307
62538
62769
63000
63231
63461
63691
63921
64151
64381
64610
64839
65068
65297
65526
65754
65982
66209
66436
66663
66890
67116
67342
67568
67794
68019
68244
68469
68693
68917
69141
69365
69588
69811
70033
70255
70477
70699
70921
71143
71364
71585
71806
72027
72248
72469
72690
72910
73130
73350
73570
73790
74010
74230
74449
74668
74887
75105
75323
75540
75757
75974
76191
76407
76623
76839
77055
77270
77485
77700
77914
78128
78342
78556
78770
78984
79198
79411
79623
79835
80047
80259
80471
80683
80895
81107
81319
81529
81739
81948
82157
82366
82574
82782
82990
83198
83406
83614
83822
84029
84236
84443
84649
84855
85061
85267
85473
85678
85883
86087
86291
86495
86698
86901
87104
87307
87509
87711
87913
88115
88317
88519
88720
88921
89122
89322
89521
89719
89917
90115
90313
90510
90707
90904
91101
91298
91495
91690
91885
92080
92275
92468
92661
92854
93047
93239
93431
93623
93815
94006
94197
94388
94579
94770
94960
95150
95340
95529
95718
95907
96096
96284
96472
96660
96848
97035
97222
97409
97596
97783
97969
98155
98341
98527
98712
98897
99081
99265
99449
99633
99817
100001
100184
100367
100550
100732
100913
101094
101274
101454
101633
101812
101991
102170
102349
102527
102704
102881
103058
103235
103412
103589
103766
103943
104120
104297
104473
104649
104825
105001
105177
105352
105527
105702
105877
106052
106226
106400
106574
106748
106921
107094
107267
107439
107611
107783
107955
108127
108298
108468
108638
108808
108978
109148
109318
109487
109655
109823
109991
110159
110327
110495
110663
110830
110996
111162
111327
111492
111656
111820
111984
112148
112311
112474
112637
112799
112961
113123
113285
113447
113609
113771
113932
114093
114254
114415
114575
114735
114894
115053
115212
115371
115530
115689
115848
116007
116166
116324
116482
116640
116797
116954
117111
117268
117424
117580
117735
117890
118045
118199
118353
118507
118660
118812
118964
119114
119264
119414
119563
119712
119861
120008
120155
120302
120448
120594
120740
120886
121031
121176
121320
121464
121608
121752
121896
122039
122182
122325
122468
122611
122754
122896
123036
123176
123315
123453
123591
123729
123867
124004
124141
124278
124415
124552
124688
124824
124960
125096
125231
125366
125501
125635
125769
125903
126037
126170
126303
126436
126569
126702
126835
126967
127099
127230
127360
127490
127620
127750
127880
128010
128139
128268
128397
128526
128655
128784
128912
129040
129168
129296
129423
129550
129677
129803
129929
130055
130180
130304
130428
130552
130676
130799
130922
131045
131167
131289
131410
131530
131650
131769
131888
132007
132126
132245
132364
132482
132600
132717
132834
132951
133068
133185
133302
133418
133534
133650
133766
133881
133996
134111
134225
134339
134453
134566
134678
134790
134901
135011
135121
135230
135339
135448
135556
135664
135772
135879
135986
136093
136199
136305
136410
136515
136619
136723
136826
136929
137032
137134
137236
137338
137439
137540
137641
137742
137842
137942
138042
138142
138242
138342
138441
138540
138639
138738
138837
138936
139034
139132
139230
139327
139424
139521
139617
139713
139808
139903
139998
140092
140185
140278
140371
140464
140557
140649
140741
140833
140925
141017
141109
141200
141291
141382
141472
141562
141652
141742
141831
141918
142005
142092
142179
142265
142351
142437
142523
142609
142695
142781
142867
142953
143038
143123
143208
143293
143377
143461
143545
143629
143713
143796
143878
143960
144041
144122
144202
144282
144362
144441
144520
144598
144676
144754
144831
144908
144985
145061
145137
145212
145287
145361
145435
145509
145582
145655
145728
145800
145872
145944
146016
146087
146158
146229
146299
146369
146438
146507
146575
146643
146711
146778
146845
146912
146979
147046
147113
147179
147245
147311
147377
147442
147507
147572
147637
147702
147766
147830
147894
147957
148020
148082
148144
148206
148267
148328
148389
148449
148509
148569
148629
148689
148748
148807
148865
148923
148980
149036
149092
149148
149204
149259
149313
149367
149421
149475
149529
149583
149637
149690
149743
149796
149848
149899
149950
150000
150050
150100
150150
150200
150249
150298
150347
150396
150444
150492
150540
150588
150635
150682
150729
150776
150822
150868
150914
150960
151005
151050
151095
151140
151185
151229
151273
151317
151361
151405
151448
151491
151533
151575
151616
151657
151698
151739
151780
151821
151862
151903
151943
151983
152023
152062
152101
152140
152178
152216
152254
152292
152329
152365
152401
152437
152473
152509
152544
152578
152612
152646
152679
152712
152744
152776
152808
152838
152868
152897
152926
152955
152984
153012
153040
153068
153096
153123
153150
153177
153203
153229
153255
153280
153305
153330
153355
153380
153404
153427
153450
153472
153494
153516
153538
153559
153580
153600
153620
153640
153660
153680
153700
153720
153740
153759
153778
153797
153815
153833
153851
153868
153885
153901
153917
153933
153949
153964
153979
153993
154007
154020
154033
154046
154059
154072
154085
154098
154111
154123
154135
154147
154158
154169
154180
154190
154200
154209
154218
154227
154236
154244
154252
154260
154267
154273
154279
154285
154290
154295
154300
154305
154309
154313
154317
154320
154322
154324
154326
154328
154330
154331
154332
154333
154334
