1451
1951
2451
2950
3449
3948
4447
4944
5438
5932
6425
6918
7411
7902
8392
8882
9371
9860
10349
10836
11323
11809
12294
12779
13264
13747
14230
14712
15194
15675
16156
16635
17114
17592
18070
18548
19025
19502
19979
20456
20932
21407
21882
22357
22832
23306
23779
24252
24723
25194
25665
26135
26605
27074
27543
28012
28481
28949
29417
29884
30349
30814
31278
31739
32199
32659
33119
33579
34039
34498
34957
35414
35870
36326
36782
37238
37694
38149
38604
39058
39512
39966
40419
40872
41325
41777
42224
42671
43118
43564
44010
44455
44898
45341
45783
46224
46665
47106
47545
47984
48422
48860
49298
49734
50170
50606
51041
51476
51910
52343
52776
53208
53640
54071
54502
54933
55363
55793
56223
56652
57081
57510
57939
58367
58795
59221
59646
60071
60494
60917
61338
61759
62179
62599
63018
63435
63852
64268
64683
65098
65513
65927
66341
66754
67166
67578
67990
68402
68813
69224
69635
70045
70455
70865
71274
71683
72091
72499
72907
73314
73721
74128
74535
74942
75348
75754
76159
76564
76969
77373
77776
78179
78582
78984
79386
79787
80187
80586
80985
81383
81781
82179
82576
82972
83367
83762
84157
84551
84943
85335
85727
86119
86510
86901
87291
87681
88071
88461
88851
89241
89630
90019
90407
90794
91180
91566
91951
92335
92718
93101
93484
93866
94248
94630
95011
95392
95772
96152
96531
96910
97288
97664
98040
98415
98790
99165
99540
99914
100287
100660
101033
101406
101778
102148
102518
102888
103257
103626
103995
104364
104732
105100
105467
105833
106199
106565
106930
107295
107660
108024
108388
108751
109114
109476
109838
110200
110562
110922
111282
111641
112000
112359
112718
113076
113434
113792
114149
114506
114862
115218
115574
115929
116284
116639
116994
117348
117701
118054
118407
118759
119110
119461
119811
120161
120511
120860
121209
121558
121905
122251
122597
122942
123286
123630
123973
124316
124659
124999
125339
125679
126018
126357
126696
127035
127373
127710
128047
128384
128720
129053
129385
129717
130049
130380
130710
131039
131368
131697
132026
132355
132683
133011
133339
133666
133993
134319
134645
134971
135296
135619
135941
136263
136584
136905
137225
137544
137862
138180
138497
138814
139131
139448
139764
140080
140395
140710
141025
141340
141654
141967
142280
142593
142905
143217
143529
143840
144151
144462
144771
145080
145388
145696
146004
146311
146618
146924
147229
147534
147838
148141
148444
148747
149049
149350
149650
149949
150248
150547
150846
151144
151442
151739
152036
152333
152629
152925
153221
153517
153812
154107
154402
154696
154988
155280
155571
155862
156153
156443
156732
157021
157308
157594
157880
158165
158449
158733
159016
159299
159582
159865
160147
160429
160711
160993
161273
161552
161831
162110
162388
162666
162943
163220
163496
163772
164047
164321
164595
164868
165141
165414
165686
165958
166230
166501
166772
167042
167312
167581
167849
168117
168385
168651
168917
169183
169448
169713
169978
170242
170505
170768
171030
171292
171553
171814
172075
172335
172594
172853
173112
173371
173628
173885
174142
174399
174654
174908
175161
175414
175667
175918
176169
176419
176668
176917
177166
177414
177662
177909
178155
178401
178647
178892
179136
179380
179624
179868
180112
180353
180593
180832
181071
181310
181549
181787
182025
182262
182499
182736
182973
183208
183443
183677
183910
184143
184376
184609
184841
185073
185304
185535
185765
185995
186225
186455
186685
186914
187143
187371
187598
187824
188050
188275
188499
188722
188944
189166
189388
189609
189829
190049
190269
190488
190707
190926
191144
191362
191580
191798
192016
192233
192449
192665
192880
193095
193310
193523
193736
193948
194160
194372
194583
194794
195005
195215
195425
195633
195841
196048
196253
196458
196663
196868
197073
197277
197480
197683
197886
198087
198286
198485
198684
198882
199080
199277
199474
199670
199866
200061
200256
200451
200645
200839
201033
201226
201419
201612
201804
201996
202188
202380
202571
202762
202952
203142
203332
203521
203709
203897
204085
204273
204461
204648
204835
205021
205207
205393
205579
205764
205948
206132
206316
206499
206682
206864
207046
207228
207410
207592
207774
207954
208133
208312
208491
208669
208847
209025
209202
209379
209556
209732
209906
210080
210253
210425
210595
210764
210933
211102
211270
211438
211606
211774
211942
212109
212276
212443
212610
212775
212939
213102
213265
213427
213589
213751
213911
214071
214230
214389
214548
214707
214865
215023
215181
215339
215496
215652
215808
215963
216118
216272
216426
216580
216734
216886
217038
217190
217341
217492
217643
217794
217944
218094
218244
218393
218540
218687
218833
218979
219125
219270
219415
219560
219704
219848
219991
220134
220275
220416
220556
220694
220832
220969
221106
221241
221376
221511
221645
221779
221913
222047
222181
222315
222447
222579
222711
222842
222972
223102
223231
223360
223489
223617
223745
223873
224000
224126
224250
224373
224496
224619
224742
224865
224987
225109
225230
225351
225471
225591
225711
225830
225949
226068
226186
226303
226420
226536
226652
226767
226882
226996
227110
227223
227335
227447
227559
227671
227783
227895
228006
228117
228227
228337
228447
228556
228664
228772
228880
228988
229096
229203
229309
229415
229519
229623
229726
229829
229932
230034
230135
230235
230335
230435
230533
230631
230728
230824
230920
231015
231109
231203
231297
231390
231483
231576
231669
231761
231853
231945
232036
232126
232216
232306
232395
232484
232572
232660
232746
232831
232915
232998
233080
233162
233244
233326
233408
233490
233571
233651
233731
233810
233889
233966
234043
234118
234192
234266
234340
234414
234488
234561
234634
234707
234780
234852
234922
234992
235061
235130
235198
235265
235332
235398
235464
235530
235596
235661
235726
235791
235855
235919
235983
236046
236109
236172
236235
236298
236360
236422
236483
236543
236602
236661
236720
236778
236836
236893
236950
237006
237062
237117
237172
237227
237281
237335
237389
237443
237497
237551
237604
237657
237710
237762
237814
237866
237918
237969
238020
238071
238122
238173
238223
238273
238323
238373
238423
238472
238521
238569
238617
238664
238711
238758
238803
238848
238893
238938
238982
239026
239070
239114
239158
239202
239245
239286
239326
239366
239406
239445
239483
239521
239559
239597
239635
239673
239710
239747
239783
239817
239851
239884
239917
239949
239981
240012
240042
240072
240101
240130
240158
240185
240212
240239
240264
240289
240314
240339
240364
240389
240413
240437
240461
240485
240508
240531
240553
240575
240597
240618
240639
240660
240680
240700
240719
240738
240757
240776
240795
240814
240833
240851
240869
240886
240901
240916
240931
240944
240957
240970
240981
240992
241003
241014
241024
241034
241044
241051
241058
241065
241072
241078
241082
241086
241090
241093
241096
241098
241100
241101
241102
241103
